
> detector@0.1.0 start /home/ec2-user/lalaland
> react-scripts start

[34mℹ[39m [90m｢wds｣[39m: Project is running at http://172.31.30.159/
[34mℹ[39m [90m｢wds｣[39m: webpack output is served from 
[34mℹ[39m [90m｢wds｣[39m: Content not from webpack is served from /home/ec2-user/lalaland/public
[34mℹ[39m [90m｢wds｣[39m: 404s will fallback to /
Starting the development server...

events.js:170
      throw er; // Unhandled 'error' event
      ^

Error: EBADF: bad file descriptor, read
Emitted 'error' event at:
    at fs.read (internal/fs/streams.js:167:12)
    at FSReqCallback.wrapper [as oncomplete] (fs.js:478:5)
npm ERR! code ELIFECYCLE
npm ERR! errno 1
npm ERR! detector@0.1.0 start: `react-scripts start`
npm ERR! Exit status 1
npm ERR! 
npm ERR! Failed at the detector@0.1.0 start script.
npm ERR! This is probably not a problem with npm. There is likely additional logging output above.

npm ERR! A complete log of this run can be found in:
npm ERR!     /home/ec2-user/.npm/_logs/2020-04-28T13_37_43_796Z-debug.log

> detector@0.1.0 start /home/ec2-user/lalaland
> react-scripts start

Something is already running on port 3000.

> detector@0.1.0 start /home/ec2-user/lalaland
> react-scripts start

[34mℹ[39m [90m｢wds｣[39m: Project is running at http://172.31.30.159/
[34mℹ[39m [90m｢wds｣[39m: webpack output is served from 
[34mℹ[39m [90m｢wds｣[39m: Content not from webpack is served from /home/ec2-user/lalaland/public
[34mℹ[39m [90m｢wds｣[39m: 404s will fallback to /
Starting the development server...

events.js:170
      throw er; // Unhandled 'error' event
      ^

Error: EBADF: bad file descriptor, read
Emitted 'error' event at:
    at fs.read (internal/fs/streams.js:167:12)
    at FSReqCallback.wrapper [as oncomplete] (fs.js:478:5)
npm ERR! code ELIFECYCLE
npm ERR! errno 1
npm ERR! detector@0.1.0 start: `react-scripts start`
npm ERR! Exit status 1
npm ERR! 
npm ERR! Failed at the detector@0.1.0 start script.
npm ERR! This is probably not a problem with npm. There is likely additional logging output above.

npm ERR! A complete log of this run can be found in:
npm ERR!     /home/ec2-user/.npm/_logs/2020-04-28T14_14_26_684Z-debug.log

> detector@0.1.0 start /home/ec2-user/lalaland
> react-scripts start

[34mℹ[39m [90m｢wds｣[39m: Project is running at http://172.31.30.159/
[34mℹ[39m [90m｢wds｣[39m: webpack output is served from 
[34mℹ[39m [90m｢wds｣[39m: Content not from webpack is served from /home/ec2-user/lalaland/public
[34mℹ[39m [90m｢wds｣[39m: 404s will fallback to /
Starting the development server...

events.js:170
      throw er; // Unhandled 'error' event
      ^

Error: EBADF: bad file descriptor, read
Emitted 'error' event at:
    at fs.read (internal/fs/streams.js:167:12)
    at FSReqCallback.wrapper [as oncomplete] (fs.js:478:5)
npm ERR! code ELIFECYCLE
npm ERR! errno 1
npm ERR! detector@0.1.0 start: `react-scripts start`
npm ERR! Exit status 1
npm ERR! 
npm ERR! Failed at the detector@0.1.0 start script.
npm ERR! This is probably not a problem with npm. There is likely additional logging output above.

npm ERR! A complete log of this run can be found in:
npm ERR!     /root/.npm/_logs/2020-04-28T14_16_39_264Z-debug.log
